<?xml version="1.0" encoding="UTF-8"?>
<!-- Generated by org.testng.reporters.JUnitReportReporter -->
<testsuite skipped="0" hostname="mkrishnan" name="apitests.com.avlview.app.POSTMethods.getvehiclesnapshotbydateTest" tests="1" failures="0" timestamp="01 Mar 2019 08:43:13 GMT" time="2.699" errors="0">
  <testcase name="PostAPITest" time="2.699" classname="apitests.com.avlview.app.POSTMethods.getvehiclesnapshotbydateTest"/>
</testsuite> <!-- apitests.com.avlview.app.POSTMethods.getvehiclesnapshotbydateTest -->
