<?xml version="1.0" encoding="UTF-8"?>
<!-- Generated by org.testng.reporters.JUnitReportReporter -->
<testsuite skipped="0" hostname="mkrishnan" name="apitests.com.avlview.app.POSTMethods.getvehiclesnapshotbydateTest" tests="1" failures="0" timestamp="06 Mar 2019 10:23:54 GMT" time="0.643" errors="0">
  <testcase name="getvehiclesnapshotbydate" time="0.643" classname="apitests.com.avlview.app.POSTMethods.getvehiclesnapshotbydateTest"/>
</testsuite> <!-- apitests.com.avlview.app.POSTMethods.getvehiclesnapshotbydateTest -->
