<?xml version="1.0" encoding="UTF-8"?>
<!-- Generated by org.testng.reporters.JUnitReportReporter -->
<testsuite skipped="0" hostname="mkrishnan" name="apitests.com.avlview.app.GETMethods.gettimezonesTest" tests="1" failures="0" timestamp="07 Mar 2019 07:08:30 GMT" time="0.532" errors="0">
  <testcase name="gettimezones" time="0.532" classname="apitests.com.avlview.app.GETMethods.gettimezonesTest"/>
</testsuite> <!-- apitests.com.avlview.app.GETMethods.gettimezonesTest -->
