<?xml version="1.0" encoding="UTF-8"?>
<!-- Generated by org.testng.reporters.JUnitReportReporter -->
<testsuite skipped="0" hostname="mkrishnan" name="apitests.com.avlview.app.GETMethods.updateodometerTest" tests="1" failures="0" timestamp="08 Mar 2019 10:00:06 GMT" time="60.553" errors="0">
  <testcase name="updateodometer" time="60.553" classname="apitests.com.avlview.app.GETMethods.updateodometerTest"/>
</testsuite> <!-- apitests.com.avlview.app.GETMethods.updateodometerTest -->
