<?xml version="1.0" encoding="UTF-8"?>
<!-- Generated by org.testng.reporters.JUnitReportReporter -->
<testsuite skipped="0" hostname="mkrishnan" name="apitests.com.avlview.app.GetDisconnectedVehicles" tests="1" failures="0" timestamp="26 Feb 2019 06:21:35 GMT" time="2.352" errors="0">
  <testcase name="getAPITestWithHeaders" time="2.352" classname="apitests.com.avlview.app.GetDisconnectedVehicles"/>
</testsuite> <!-- apitests.com.avlview.app.GetDisconnectedVehicles -->
