<?xml version="1.0" encoding="UTF-8"?>
<!-- Generated by org.testng.reporters.JUnitReportReporter -->
<testsuite skipped="0" hostname="DESKTOP-8607IQM" name="com.avlview.tests.PostAPITest" tests="1" failures="0" timestamp="26 Jan 2019 09:40:43 GMT" time="3.171" errors="0">
  <testcase name="posAPITestWithHeaders" time="3.171" classname="com.avlview.tests.PostAPITest"/>
</testsuite> <!-- com.avlview.tests.PostAPITest -->
