<?xml version="1.0" encoding="UTF-8"?>
<!-- Generated by org.testng.reporters.JUnitReportReporter -->
<testsuite skipped="0" hostname="mkrishnan" name="com.avlview.tests.rough_getwithparameters" tests="1" failures="0" timestamp="27 Feb 2019 07:06:46 GMT" time="32.043" errors="0">
  <testcase name="getAPITestWithHeaders" time="32.043" classname="com.avlview.tests.rough_getwithparameters"/>
</testsuite> <!-- com.avlview.tests.rough_getwithparameters -->
