<?xml version="1.0" encoding="UTF-8"?>
<!-- Generated by org.testng.reporters.JUnitReportReporter -->
<testsuite skipped="0" hostname="mkrishnan" name="apitests.com.avlview.app.POSTMethods.getvehicleoverviewbyplanTest" tests="1" failures="0" timestamp="06 Mar 2019 08:39:19 GMT" time="1.735" errors="0">
  <testcase name="getvehicleoverviewbyplan" time="1.735" classname="apitests.com.avlview.app.POSTMethods.getvehicleoverviewbyplanTest"/>
</testsuite> <!-- apitests.com.avlview.app.POSTMethods.getvehicleoverviewbyplanTest -->
