<?xml version="1.0" encoding="UTF-8"?>
<!-- Generated by org.testng.reporters.JUnitReportReporter -->
<testsuite skipped="0" hostname="mkrishnan" name="apitests.com.avlview.app.POSTMethods.getactivevehiclesnapshotinaccountSGTest" tests="1" failures="0" timestamp="01 Mar 2019 09:58:06 GMT" time="1.895" errors="0">
  <testcase name="PostAPITest" time="1.895" classname="apitests.com.avlview.app.POSTMethods.getactivevehiclesnapshotinaccountSGTest"/>
</testsuite> <!-- apitests.com.avlview.app.POSTMethods.getactivevehiclesnapshotinaccountSGTest -->
