<?xml version="1.0" encoding="UTF-8"?>
<!-- Generated by org.testng.reporters.JUnitReportReporter -->
<testsuite skipped="0" hostname="mkrishnan" name="apitests.com.avlview.app.GETMethods.getorgunitsTest" tests="1" failures="0" timestamp="27 Feb 2019 06:33:03 GMT" time="2.322" errors="0">
  <testcase name="getAPITestWithHeaders" time="2.322" classname="apitests.com.avlview.app.GETMethods.getorgunitsTest"/>
</testsuite> <!-- apitests.com.avlview.app.GETMethods.getorgunitsTest -->
