<?xml version="1.0" encoding="UTF-8"?>
<!-- Generated by org.testng.reporters.JUnitReportReporter -->
<testsuite skipped="0" hostname="mkrishnan" name="apitests.com.avlview.app.POSTMethods.getvehicleoverviewbyplanTest" tests="1" failures="0" timestamp="01 Mar 2019 06:54:49 GMT" time="4.806" errors="0">
  <testcase name="PostAPITest" time="4.806" classname="apitests.com.avlview.app.POSTMethods.getvehicleoverviewbyplanTest"/>
</testsuite> <!-- apitests.com.avlview.app.POSTMethods.getvehicleoverviewbyplanTest -->
