<?xml version="1.0" encoding="UTF-8"?>
<!-- Generated by org.testng.reporters.JUnitReportReporter -->
<testsuite skipped="0" hostname="mkrishnan" name="apitests.com.avlview.app.POSTMethods.getRawDataInTimeRangeTest" tests="1" failures="0" timestamp="08 Mar 2019 10:00:06 GMT" time="0.880" errors="0">
  <testcase name="getRawDataInTimeRange" time="0.880" classname="apitests.com.avlview.app.POSTMethods.getRawDataInTimeRangeTest"/>
</testsuite> <!-- apitests.com.avlview.app.POSTMethods.getRawDataInTimeRangeTest -->
