<?xml version="1.0" encoding="UTF-8"?>
<!-- Generated by org.testng.reporters.JUnitReportReporter -->
<testsuite skipped="0" hostname="mkrishnan" name="apitests.com.avlview.app.GETMethods.getdisconnectedVehiclesTest" tests="1" failures="0" timestamp="27 Feb 2019 05:59:19 GMT" time="2.004" errors="0">
  <testcase name="getAPITestWithHeaders" time="2.004" classname="apitests.com.avlview.app.GETMethods.getdisconnectedVehiclesTest"/>
</testsuite> <!-- apitests.com.avlview.app.GETMethods.getdisconnectedVehiclesTest -->
