<?xml version="1.0" encoding="UTF-8"?>
<!-- Generated by org.testng.reporters.JUnitReportReporter -->
<testsuite skipped="0" hostname="mkrishnan" name="apitests.com.avlview.app.GETMethods.gettimezonesTest" tests="1" failures="0" timestamp="26 Feb 2019 10:36:23 GMT" time="1.866" errors="0">
  <testcase name="getAPITestWithHeaders" time="1.866" classname="apitests.com.avlview.app.GETMethods.gettimezonesTest"/>
</testsuite> <!-- apitests.com.avlview.app.GETMethods.gettimezonesTest -->
