<?xml version="1.0" encoding="UTF-8"?>
<!-- Generated by org.testng.reporters.JUnitReportReporter -->
<testsuite skipped="0" hostname="mkrishnan" name="apitests.com.avlview.app.GETMethods.getavlcountrylistTest" tests="1" failures="0" timestamp="06 Mar 2019 10:23:55 GMT" time="0.834" errors="0">
  <testcase name="getavlcountrylist" time="0.834" classname="apitests.com.avlview.app.GETMethods.getavlcountrylistTest"/>
</testsuite> <!-- apitests.com.avlview.app.GETMethods.getavlcountrylistTest -->
