<?xml version="1.0" encoding="UTF-8"?>
<!-- Generated by org.testng.reporters.JUnitReportReporter -->
<testsuite skipped="0" hostname="mkrishnan" name="apitests.com.avlview.app.GETMethods.getdriversTest" tests="1" failures="0" timestamp="26 Feb 2019 11:13:35 GMT" time="2.053" errors="0">
  <testcase name="getAPITestWithHeaders" time="2.053" classname="apitests.com.avlview.app.GETMethods.getdriversTest"/>
</testsuite> <!-- apitests.com.avlview.app.GETMethods.getdriversTest -->
