<?xml version="1.0" encoding="UTF-8"?>
<!-- Generated by org.testng.reporters.JUnitReportReporter -->
<testsuite skipped="0" hostname="mkrishnan" name="apitests.com.avlview.app.GETMethods.getTransportationAlertsTest" tests="1" failures="0" timestamp="27 Feb 2019 08:45:04 GMT" time="5.977" errors="0">
  <testcase name="getAPITestWithHeaders" time="5.977" classname="apitests.com.avlview.app.GETMethods.getTransportationAlertsTest"/>
</testsuite> <!-- apitests.com.avlview.app.GETMethods.getTransportationAlertsTest -->
