<?xml version="1.0" encoding="UTF-8"?>
<!-- Generated by org.testng.reporters.JUnitReportReporter -->
<testsuite skipped="0" hostname="mkrishnan" name="apitests.com.avlview.app.POSTMethods.saveFenceZoneTest" tests="1" failures="0" timestamp="25 Apr 2019 08:49:20 GMT" time="5.697" errors="0">
  <testcase name="saveFenceZone" time="5.697" classname="apitests.com.avlview.app.POSTMethods.saveFenceZoneTest"/>
</testsuite> <!-- apitests.com.avlview.app.POSTMethods.saveFenceZoneTest -->
