<?xml version="1.0" encoding="UTF-8"?>
<!-- Generated by org.testng.reporters.JUnitReportReporter -->
<testsuite skipped="0" hostname="mkrishnan" name="apitests.com.avlview.app.GETMethods.updateodometerTest" tests="1" failures="0" timestamp="27 Feb 2019 09:57:42 GMT" time="65.503" errors="0">
  <testcase name="getAPITestWithHeaders" time="65.503" classname="apitests.com.avlview.app.GETMethods.updateodometerTest"/>
</testsuite> <!-- apitests.com.avlview.app.GETMethods.updateodometerTest -->
