<?xml version="1.0" encoding="UTF-8"?>
<!-- Generated by org.testng.reporters.JUnitReportReporter -->
<testsuite skipped="0" hostname="mkrishnan" name="apitests.com.avlview.app.POSTMethods.adddriverTest" tests="1" failures="0" timestamp="06 Mar 2019 10:23:54 GMT" time="2.027" errors="0">
  <testcase name="adddriver" time="2.027" classname="apitests.com.avlview.app.POSTMethods.adddriverTest"/>
</testsuite> <!-- apitests.com.avlview.app.POSTMethods.adddriverTest -->
