<?xml version="1.0" encoding="UTF-8"?>
<!-- Generated by org.testng.reporters.JUnitReportReporter -->
<testsuite skipped="0" hostname="mkrishnan" name="apitests.com.avlview.app.POSTMethods.getvehiclecurrentlocationTest" tests="1" failures="0" timestamp="08 Mar 2019 10:00:05 GMT" time="0.723" errors="0">
  <testcase name="getvehiclecurrentlocation" time="0.723" classname="apitests.com.avlview.app.POSTMethods.getvehiclecurrentlocationTest"/>
</testsuite> <!-- apitests.com.avlview.app.POSTMethods.getvehiclecurrentlocationTest -->
