<?xml version="1.0" encoding="UTF-8"?>
<!-- Generated by org.testng.reporters.JUnitReportReporter -->
<testsuite skipped="0" hostname="mkrishnan" name="apitests.com.avlview.app.POSTMethods.saveFenceZoneTest" tests="1" failures="0" timestamp="08 Mar 2019 10:00:05 GMT" time="0.550" errors="0">
  <testcase name="saveFenceZone" time="0.550" classname="apitests.com.avlview.app.POSTMethods.saveFenceZoneTest"/>
</testsuite> <!-- apitests.com.avlview.app.POSTMethods.saveFenceZoneTest -->
