<?xml version="1.0" encoding="UTF-8"?>
<!-- Generated by org.testng.reporters.JUnitReportReporter -->
<testsuite skipped="0" hostname="mkrishnan" name="apitests.com.avlview.app.POSTMethods.addgroupTest" tests="1" failures="0" timestamp="25 Apr 2019 08:49:20 GMT" time="15.334" errors="0">
  <testcase name="addgroup" time="15.334" classname="apitests.com.avlview.app.POSTMethods.addgroupTest"/>
</testsuite> <!-- apitests.com.avlview.app.POSTMethods.addgroupTest -->
