<?xml version="1.0" encoding="UTF-8"?>
<!-- Generated by org.testng.reporters.JUnitReportReporter -->
<testsuite skipped="0" hostname="mkrishnan" name="apitests.com.avlview.app.GETMethods.updateodometerTest" tests="1" failures="0" timestamp="25 Apr 2019 08:23:28 GMT" time="60.880" errors="0">
  <testcase name="updateodometer" time="60.880" classname="apitests.com.avlview.app.GETMethods.updateodometerTest"/>
</testsuite> <!-- apitests.com.avlview.app.GETMethods.updateodometerTest -->
