<?xml version="1.0" encoding="UTF-8"?>
<!-- Generated by org.testng.reporters.JUnitReportReporter -->
<testsuite skipped="0" hostname="mkrishnan" name="apitests.com.avlview.app.GETMethods.removeTaskTest" tests="1" failures="0" timestamp="07 Mar 2019 07:08:30 GMT" time="0.544" errors="0">
  <testcase name="getAllDriverDispatchTasks" time="0.544" classname="apitests.com.avlview.app.GETMethods.removeTaskTest"/>
</testsuite> <!-- apitests.com.avlview.app.GETMethods.removeTaskTest -->
