<?xml version="1.0" encoding="UTF-8"?>
<!-- Generated by org.testng.reporters.JUnitReportReporter -->
<testsuite skipped="0" hostname="mkrishnan" name="apitests.com.avlview.app.POSTMethods.gettripdetailsSGTest" tests="1" failures="0" timestamp="25 Apr 2019 08:55:36 GMT" time="4.930" errors="0">
  <testcase name="gettripdetailsSG" time="4.930" classname="apitests.com.avlview.app.POSTMethods.gettripdetailsSGTest"/>
</testsuite> <!-- apitests.com.avlview.app.POSTMethods.gettripdetailsSGTest -->
