<?xml version="1.0" encoding="UTF-8"?>
<!-- Generated by org.testng.reporters.JUnitReportReporter -->
<testsuite skipped="0" hostname="DESKTOP-8607IQM" name="com.avlview.tests.rough_getwithparameters" tests="1" failures="0" timestamp="27 Jan 2019 18:06:24 GMT" time="18.096" errors="0">
  <testcase name="getAPITestWithHeaders" time="18.096" classname="com.avlview.tests.rough_getwithparameters"/>
</testsuite> <!-- com.avlview.tests.rough_getwithparameters -->
