<?xml version="1.0" encoding="UTF-8"?>
<!-- Generated by org.testng.reporters.JUnitReportReporter -->
<testsuite skipped="0" hostname="mkrishnan" name="apitests.com.avlview.app.POSTMethods.getvehiclehistorySGTest" tests="1" failures="0" timestamp="08 Mar 2019 10:00:05 GMT" time="5.502" errors="0">
  <testcase name="getvehiclehistorySG" time="5.502" classname="apitests.com.avlview.app.POSTMethods.getvehiclehistorySGTest"/>
</testsuite> <!-- apitests.com.avlview.app.POSTMethods.getvehiclehistorySGTest -->
