<?xml version="1.0" encoding="UTF-8"?>
<!-- Generated by org.testng.reporters.JUnitReportReporter -->
<testsuite skipped="0" hostname="mkrishnan" name="apitests.com.avlview.app.GETMethods.getvehiclegroupsTest" tests="1" failures="0" timestamp="26 Feb 2019 10:54:30 GMT" time="1.841" errors="0">
  <testcase name="getAPITestWithHeaders" time="1.841" classname="apitests.com.avlview.app.GETMethods.getvehiclegroupsTest"/>
</testsuite> <!-- apitests.com.avlview.app.GETMethods.getvehiclegroupsTest -->
