<?xml version="1.0" encoding="UTF-8"?>
<!-- Generated by org.testng.reporters.JUnitReportReporter -->
<testsuite skipped="0" hostname="mkrishnan" name="com.avlview.tests.rough_postgroupxml" tests="1" failures="0" timestamp="01 Mar 2019 06:18:39 GMT" time="9.382" errors="0">
  <testcase name="getAPITestWithHeaders" time="9.382" classname="com.avlview.tests.rough_postgroupxml"/>
</testsuite> <!-- com.avlview.tests.rough_postgroupxml -->
