<?xml version="1.0" encoding="UTF-8"?>
<!-- Generated by org.testng.reporters.JUnitReportReporter -->
<testsuite skipped="0" hostname="mkrishnan" name="apitests.com.avlview.app.GETMethods.getstoppedvehiclesTest" tests="1" failures="0" timestamp="27 Feb 2019 05:35:52 GMT" time="1.974" errors="0">
  <testcase name="getAPITestWithHeaders" time="1.974" classname="apitests.com.avlview.app.GETMethods.getstoppedvehiclesTest"/>
</testsuite> <!-- apitests.com.avlview.app.GETMethods.getstoppedvehiclesTest -->
