<?xml version="1.0" encoding="UTF-8"?>
<!-- Generated by org.testng.reporters.JUnitReportReporter -->
<testsuite skipped="0" hostname="DESKTOP-8607IQM" name="com.avlview.tests.rough_postgroupxml" tests="1" failures="0" timestamp="26 Jan 2019 17:42:24 GMT" time="2.287" errors="0">
  <testcase name="getAPITestWithHeaders" time="2.287" classname="com.avlview.tests.rough_postgroupxml"/>
</testsuite> <!-- com.avlview.tests.rough_postgroupxml -->
