<?xml version="1.0" encoding="UTF-8"?>
<!-- Generated by org.testng.reporters.JUnitReportReporter -->
<testsuite skipped="0" hostname="mkrishnan" name="apitests.com.avlview.app.GETMethods.getAlertDetailTest" tests="1" failures="0" timestamp="01 Mar 2019 04:49:25 GMT" time="1.826" errors="0">
  <testcase name="getAPITestWithHeaders" time="1.826" classname="apitests.com.avlview.app.GETMethods.getAlertDetailTest"/>
</testsuite> <!-- apitests.com.avlview.app.GETMethods.getAlertDetailTest -->
