<?xml version="1.0" encoding="UTF-8"?>
<!-- Generated by org.testng.reporters.JUnitReportReporter -->
<testsuite skipped="0" hostname="mkrishnan" name="apitests.com.avlview.app.POSTMethods.getvehiclesnapshotinaccountSGTest" tests="1" failures="0" timestamp="06 Mar 2019 08:39:19 GMT" time="0.547" errors="0">
  <testcase name="getvehiclesnapshotinaccountSG" time="0.547" classname="apitests.com.avlview.app.POSTMethods.getvehiclesnapshotinaccountSGTest"/>
</testsuite> <!-- apitests.com.avlview.app.POSTMethods.getvehiclesnapshotinaccountSGTest -->
