<?xml version="1.0" encoding="UTF-8"?>
<!-- Generated by org.testng.reporters.JUnitReportReporter -->
<testsuite skipped="0" hostname="mkrishnan" name="apitests.com.avlview.app.GETMethods.getVehicleRawDetailsTest" tests="1" failures="0" timestamp="06 Mar 2019 08:39:19 GMT" time="1.349" errors="0">
  <testcase name="getVehicleRawDetails" time="1.349" classname="apitests.com.avlview.app.GETMethods.getVehicleRawDetailsTest"/>
</testsuite> <!-- apitests.com.avlview.app.GETMethods.getVehicleRawDetailsTest -->
