<?xml version="1.0" encoding="UTF-8"?>
<!-- Generated by org.testng.reporters.JUnitReportReporter -->
<testsuite skipped="0" hostname="mkrishnan" name="apitests.com.avlview.app.GETMethods.getDealerVehicleSnapshotTest" tests="1" failures="0" timestamp="25 Apr 2019 08:23:27 GMT" time="3.526" errors="0">
  <testcase name="getDealerVehicleSnapshot" time="3.526" classname="apitests.com.avlview.app.GETMethods.getDealerVehicleSnapshotTest"/>
</testsuite> <!-- apitests.com.avlview.app.GETMethods.getDealerVehicleSnapshotTest -->
