<?xml version="1.0" encoding="UTF-8"?>
<!-- Generated by org.testng.reporters.JUnitReportReporter -->
<testsuite skipped="0" hostname="mkrishnan" name="apitests.com.avlview.app.GETMethods.getmovingvehiclesTest" tests="1" failures="0" timestamp="27 Feb 2019 05:44:45 GMT" time="2.195" errors="0">
  <testcase name="getAPITestWithHeaders" time="2.195" classname="apitests.com.avlview.app.GETMethods.getmovingvehiclesTest"/>
</testsuite> <!-- apitests.com.avlview.app.GETMethods.getmovingvehiclesTest -->
