<?xml version="1.0" encoding="UTF-8"?>
<!-- Generated by org.testng.reporters.JUnitReportReporter -->
<testsuite skipped="0" hostname="mkrishnan" name="apitests.com.avlview.app.POSTMethods.getRawDataInTimeRangeTest" tests="1" failures="0" timestamp="04 Mar 2019 05:05:30 GMT" time="9.779" errors="0">
  <testcase name="getAPITestWithHeaders" time="9.779" classname="apitests.com.avlview.app.POSTMethods.getRawDataInTimeRangeTest"/>
</testsuite> <!-- apitests.com.avlview.app.POSTMethods.getRawDataInTimeRangeTest -->
