<?xml version="1.0" encoding="UTF-8"?>
<!-- Generated by org.testng.reporters.JUnitReportReporter -->
<testsuite skipped="0" hostname="mkrishnan" name="apitests.com.avlview.app.POSTMethods.getdailysummaryreportTest" tests="1" failures="0" timestamp="01 Mar 2019 10:50:14 GMT" time="7.281" errors="0">
  <testcase name="PostAPITest" time="7.281" classname="apitests.com.avlview.app.POSTMethods.getdailysummaryreportTest"/>
</testsuite> <!-- apitests.com.avlview.app.POSTMethods.getdailysummaryreportTest -->
