<?xml version="1.0" encoding="UTF-8"?>
<!-- Generated by org.testng.reporters.JUnitReportReporter -->
<testsuite skipped="0" hostname="mkrishnan" name="apitests.com.avlview.app.GETMethods.getdriversTest" tests="1" failures="0" timestamp="07 Mar 2019 05:46:28 GMT" time="1.412" errors="0">
  <testcase name="getdrivers" time="1.412" classname="apitests.com.avlview.app.GETMethods.getdriversTest"/>
</testsuite> <!-- apitests.com.avlview.app.GETMethods.getdriversTest -->
