<?xml version="1.0" encoding="UTF-8"?>
<!-- Generated by org.testng.reporters.JUnitReportReporter -->
<testsuite skipped="0" hostname="mkrishnan" name="apitests.com.avlview.app.POSTMethods.getapnlistbycountryidTest" tests="1" failures="0" timestamp="07 Mar 2019 05:46:27 GMT" time="3.683" errors="0">
  <testcase name="getapnlistbycountryid" time="3.683" classname="apitests.com.avlview.app.POSTMethods.getapnlistbycountryidTest"/>
</testsuite> <!-- apitests.com.avlview.app.POSTMethods.getapnlistbycountryidTest -->
