<?xml version="1.0" encoding="UTF-8"?>
<!-- Generated by org.testng.reporters.JUnitReportReporter -->
<testsuite skipped="2" hostname="DESKTOP-8607IQM" name="com.avlview.tests.GetAPITest" tests="3" failures="0" timestamp="24 Jan 2019 10:22:46 GMT" time="2.241" errors="0">
  <testcase name="getAPITestWithHeaders" time="2.241" classname="com.avlview.tests.GetAPITest"/>
  <testcase name="getAPITest" classname="com.avlview.tests.GetAPITest">
    <skipped/>
  </testcase> <!-- getAPITest -->
  <testcase name="getAPITest1" classname="com.avlview.tests.GetAPITest">
    <skipped/>
  </testcase> <!-- getAPITest1 -->
</testsuite> <!-- com.avlview.tests.GetAPITest -->
