<?xml version="1.0" encoding="UTF-8"?>
<!-- Generated by org.testng.reporters.JUnitReportReporter -->
<testsuite skipped="0" hostname="mkrishnan" name="apitests.com.avlview.app.POSTMethods.getWaypointsTest" tests="1" failures="0" timestamp="08 Mar 2019 10:00:05 GMT" time="0.534" errors="0">
  <testcase name="getWaypoints" time="0.534" classname="apitests.com.avlview.app.POSTMethods.getWaypointsTest"/>
</testsuite> <!-- apitests.com.avlview.app.POSTMethods.getWaypointsTest -->
