<?xml version="1.0" encoding="UTF-8"?>
<!-- Generated by org.testng.reporters.JUnitReportReporter -->
<testsuite skipped="0" hostname="mkrishnan" name="apitests.com.avlview.app.GETMethods.getdisconnectedVehiclesTest" tests="1" failures="0" timestamp="25 Apr 2019 08:23:28 GMT" time="0.580" errors="0">
  <testcase name="getdisconnectedVehicles" time="0.580" classname="apitests.com.avlview.app.GETMethods.getdisconnectedVehiclesTest"/>
</testsuite> <!-- apitests.com.avlview.app.GETMethods.getdisconnectedVehiclesTest -->
