<?xml version="1.0" encoding="UTF-8"?>
<!-- Generated by org.testng.reporters.JUnitReportReporter -->
<testsuite skipped="0" hostname="mkrishnan" name="apitests.com.avlview.app.GETMethods.gettimezonesTest" tests="1" failures="0" timestamp="08 Apr 2019 08:54:27 GMT" time="0.619" errors="0">
  <testcase name="gettimezones" time="0.619" classname="apitests.com.avlview.app.GETMethods.gettimezonesTest"/>
</testsuite> <!-- apitests.com.avlview.app.GETMethods.gettimezonesTest -->
