<?xml version="1.0" encoding="UTF-8"?>
<!-- Generated by org.testng.reporters.JUnitReportReporter -->
<testsuite skipped="0" hostname="mkrishnan" name="apitests.com.avlview.app.GETMethods.getDealerVehicleSnapshotTest" tests="1" failures="0" timestamp="06 Mar 2019 10:23:55 GMT" time="8.020" errors="0">
  <testcase name="getDealerVehicleSnapshot" time="8.020" classname="apitests.com.avlview.app.GETMethods.getDealerVehicleSnapshotTest"/>
</testsuite> <!-- apitests.com.avlview.app.GETMethods.getDealerVehicleSnapshotTest -->
