<?xml version="1.0" encoding="UTF-8"?>
<!-- Generated by org.testng.reporters.JUnitReportReporter -->
<testsuite skipped="0" hostname="mkrishnan" name="apitests.com.avlview.app.GETMethods.getvehiclesoutofnetworkTest" tests="1" failures="0" timestamp="06 Mar 2019 10:23:55 GMT" time="0.592" errors="0">
  <testcase name="getvehiclesoutofnetwork" time="0.592" classname="apitests.com.avlview.app.GETMethods.getvehiclesoutofnetworkTest"/>
</testsuite> <!-- apitests.com.avlview.app.GETMethods.getvehiclesoutofnetworkTest -->
