<?xml version="1.0" encoding="UTF-8"?>
<!-- Generated by org.testng.reporters.JUnitReportReporter -->
<testsuite skipped="0" hostname="mkrishnan" name="apitests.com.avlview.app.GETMethods.getvehiclesURL" tests="1" failures="0" timestamp="05 Mar 2019 08:55:28 GMT" time="0.596" errors="0">
  <testcase name="getAPITestWithHeaders" time="0.596" classname="apitests.com.avlview.app.GETMethods.getvehiclesURL"/>
</testsuite> <!-- apitests.com.avlview.app.GETMethods.getvehiclesURL -->
