<?xml version="1.0" encoding="UTF-8"?>
<!-- Generated by org.testng.reporters.JUnitReportReporter -->
<testsuite skipped="0" hostname="mkrishnan" name="apitests.com.avlview.app.GETMethods.getvehiclesURL" tests="1" failures="0" timestamp="27 Feb 2019 04:51:26 GMT" time="2.721" errors="0">
  <testcase name="getAPITestWithHeaders" time="2.721" classname="apitests.com.avlview.app.GETMethods.getvehiclesURL"/>
</testsuite> <!-- apitests.com.avlview.app.GETMethods.getvehiclesURL -->
