<?xml version="1.0" encoding="UTF-8"?>
<!-- Generated by org.testng.reporters.JUnitReportReporter -->
<testsuite skipped="0" hostname="mkrishnan" name="apitests.com.avlview.app.GetVehicleTypeTest" tests="1" failures="0" timestamp="26 Feb 2019 06:27:06 GMT" time="3.012" errors="0">
  <testcase name="getAPITestWithHeaders" time="3.012" classname="apitests.com.avlview.app.GetVehicleTypeTest"/>
</testsuite> <!-- apitests.com.avlview.app.GetVehicleTypeTest -->
