<?xml version="1.0" encoding="UTF-8"?>
<!-- Generated by org.testng.reporters.JUnitReportReporter -->
<testsuite skipped="0" hostname="mkrishnan" name="com.avlview.tests.getwithpayloadcountry" tests="1" failures="0" timestamp="01 Mar 2019 04:29:23 GMT" time="7.564" errors="0">
  <testcase name="getAPITestWithHeaders" time="7.564" classname="com.avlview.tests.getwithpayloadcountry"/>
</testsuite> <!-- com.avlview.tests.getwithpayloadcountry -->
