<?xml version="1.0" encoding="UTF-8"?>
<!-- Generated by org.testng.reporters.JUnitReportReporter -->
<testsuite skipped="0" hostname="mkrishnan" name="apitests.com.avlview.app.POSTMethods.saveFenceZoneTest" tests="1" failures="0" timestamp="04 Mar 2019 10:19:41 GMT" time="1.747" errors="0">
  <testcase name="getAPITestWithHeaders" time="1.747" classname="apitests.com.avlview.app.POSTMethods.saveFenceZoneTest"/>
</testsuite> <!-- apitests.com.avlview.app.POSTMethods.saveFenceZoneTest -->
