<?xml version="1.0" encoding="UTF-8"?>
<!-- Generated by org.testng.reporters.JUnitReportReporter -->
<testsuite skipped="0" hostname="mkrishnan" name="apitests.com.avlview.app.POSTMethods.getvehiclesnapshotinaccountbyplanTest" tests="1" failures="0" timestamp="01 Mar 2019 07:10:15 GMT" time="2.515" errors="0">
  <testcase name="PostAPITest" time="2.515" classname="apitests.com.avlview.app.POSTMethods.getvehiclesnapshotinaccountbyplanTest"/>
</testsuite> <!-- apitests.com.avlview.app.POSTMethods.getvehiclesnapshotinaccountbyplanTest -->
