<?xml version="1.0" encoding="UTF-8"?>
<!-- Generated by org.testng.reporters.JUnitReportReporter -->
<testsuite skipped="0" hostname="mkrishnan" name="apitests.com.avlview.app.POSTMethods.getSummaryReportTest" tests="1" failures="0" timestamp="06 Mar 2019 08:39:18 GMT" time="1.187" errors="0">
  <testcase name="getSummaryReport" time="1.187" classname="apitests.com.avlview.app.POSTMethods.getSummaryReportTest"/>
</testsuite> <!-- apitests.com.avlview.app.POSTMethods.getSummaryReportTest -->
