<?xml version="1.0" encoding="UTF-8"?>
<!-- Generated by org.testng.reporters.JUnitReportReporter -->
<testsuite skipped="0" hostname="mkrishnan" name="apitests.com.avlview.app.POSTMethods.getvehiclesnapshotinaccountSGTest" tests="1" failures="0" timestamp="25 Apr 2019 08:49:20 GMT" time="0.704" errors="0">
  <testcase name="getvehiclesnapshotinaccountSG" time="0.704" classname="apitests.com.avlview.app.POSTMethods.getvehiclesnapshotinaccountSGTest"/>
</testsuite> <!-- apitests.com.avlview.app.POSTMethods.getvehiclesnapshotinaccountSGTest -->
