<?xml version="1.0" encoding="UTF-8"?>
<!-- Generated by org.testng.reporters.JUnitReportReporter -->
<testsuite skipped="0" hostname="mkrishnan" name="apitests.com.avlview.app.POSTMethods.addorgunitTest" tests="1" failures="0" timestamp="04 Mar 2019 10:49:42 GMT" time="8.827" errors="0">
  <testcase name="PostAPITest" time="8.827" classname="apitests.com.avlview.app.POSTMethods.addorgunitTest"/>
</testsuite> <!-- apitests.com.avlview.app.POSTMethods.addorgunitTest -->
