<?xml version="1.0" encoding="UTF-8"?>
<!-- Generated by org.testng.reporters.JUnitReportReporter -->
<testsuite skipped="0" hostname="mkrishnan" name="apitests.com.avlview.app.GETMethods.getDealerVehicleSnapshotTest" tests="1" failures="0" timestamp="07 Mar 2019 05:46:28 GMT" time="6.830" errors="0">
  <testcase name="getDealerVehicleSnapshot" time="6.830" classname="apitests.com.avlview.app.GETMethods.getDealerVehicleSnapshotTest"/>
</testsuite> <!-- apitests.com.avlview.app.GETMethods.getDealerVehicleSnapshotTest -->
