<?xml version="1.0" encoding="UTF-8"?>
<!-- Generated by org.testng.reporters.JUnitReportReporter -->
<testsuite skipped="0" hostname="mkrishnan" name="apitests.com.avlview.app.POSTMethods.getvehiclesoutofnetworkbyplanTest" tests="1" failures="0" timestamp="07 Mar 2019 05:46:28 GMT" time="0.648" errors="0">
  <testcase name="getvehiclesoutofnetworkbyplan" time="0.648" classname="apitests.com.avlview.app.POSTMethods.getvehiclesoutofnetworkbyplanTest"/>
</testsuite> <!-- apitests.com.avlview.app.POSTMethods.getvehiclesoutofnetworkbyplanTest -->
