<?xml version="1.0" encoding="UTF-8"?>
<!-- Generated by org.testng.reporters.JUnitReportReporter -->
<testsuite skipped="0" hostname="mkrishnan" name="apitests.com.avlview.app.GETMethods.getAllDriverDispatchTasksTest" tests="1" failures="0" timestamp="07 Mar 2019 07:08:29 GMT" time="0.614" errors="0">
  <testcase name="getAllDriverDispatchTasks" time="0.614" classname="apitests.com.avlview.app.GETMethods.getAllDriverDispatchTasksTest"/>
</testsuite> <!-- apitests.com.avlview.app.GETMethods.getAllDriverDispatchTasksTest -->
