<?xml version="1.0" encoding="UTF-8"?>
<!-- Generated by org.testng.reporters.JUnitReportReporter -->
<testsuite skipped="0" hostname="mkrishnan" name="apitests.com.avlview.app.POSTMethods.addorgunitTest" tests="1" failures="0" timestamp="07 Mar 2019 07:08:30 GMT" time="0.545" errors="0">
  <testcase name="addorgunit" time="0.545" classname="apitests.com.avlview.app.POSTMethods.addorgunitTest"/>
</testsuite> <!-- apitests.com.avlview.app.POSTMethods.addorgunitTest -->
