<?xml version="1.0" encoding="UTF-8"?>
<!-- Generated by org.testng.reporters.JUnitReportReporter -->
<testsuite skipped="0" hostname="mkrishnan" name="apitests.com.avlview.app.GETMethods.getVehicleRawDetailsTest" tests="1" failures="0" timestamp="13 Mar 2019 09:33:42 GMT" time="3.500" errors="0">
  <testcase name="getVehicleRawDetails" time="3.500" classname="apitests.com.avlview.app.GETMethods.getVehicleRawDetailsTest"/>
</testsuite> <!-- apitests.com.avlview.app.GETMethods.getVehicleRawDetailsTest -->
