<?xml version="1.0" encoding="UTF-8"?>
<!-- Generated by org.testng.reporters.JUnitReportReporter -->
<testsuite skipped="0" hostname="mkrishnan" name="apitests.com.avlview.app.POSTMethods.getvehiclehistoryTest" tests="1" failures="0" timestamp="01 Mar 2019 09:20:48 GMT" time="3.532" errors="0">
  <testcase name="PostAPITest" time="3.532" classname="apitests.com.avlview.app.POSTMethods.getvehiclehistoryTest"/>
</testsuite> <!-- apitests.com.avlview.app.POSTMethods.getvehiclehistoryTest -->
