<?xml version="1.0" encoding="UTF-8"?>
<!-- Generated by org.testng.reporters.JUnitReportReporter -->
<testsuite skipped="0" hostname="mkrishnan" name="apitests.com.avlview.app.POSTMethods.getvehiclehistorySGTest" tests="1" failures="0" timestamp="06 Mar 2019 07:59:25 GMT" time="3.163" errors="0">
  <testcase name="getvehiclehistorySG" time="3.163" classname="apitests.com.avlview.app.POSTMethods.getvehiclehistorySGTest"/>
</testsuite> <!-- apitests.com.avlview.app.POSTMethods.getvehiclehistorySGTest -->
