<?xml version="1.0" encoding="UTF-8"?>
<!-- Generated by org.testng.reporters.JUnitReportReporter -->
<testsuite skipped="0" hostname="mkrishnan" name="apitests.com.avlview.app.GETMethods.GetVehicleMakesTest" tests="1" failures="0" timestamp="26 Feb 2019 07:27:30 GMT" time="5.236" errors="0">
  <testcase name="getAPITestWithHeaders" time="5.236" classname="apitests.com.avlview.app.GETMethods.GetVehicleMakesTest"/>
</testsuite> <!-- apitests.com.avlview.app.GETMethods.GetVehicleMakesTest -->
