<?xml version="1.0" encoding="UTF-8"?>
<!-- Generated by org.testng.reporters.JUnitReportReporter -->
<testsuite skipped="0" hostname="mkrishnan" name="apitests.com.avlview.app.POSTMethods.getTripDetailsTest" tests="1" failures="0" timestamp="01 Mar 2019 10:18:43 GMT" time="4.116" errors="0">
  <testcase name="PostAPITest" time="4.116" classname="apitests.com.avlview.app.POSTMethods.getTripDetailsTest"/>
</testsuite> <!-- apitests.com.avlview.app.POSTMethods.getTripDetailsTest -->
