<?xml version="1.0" encoding="UTF-8"?>
<!-- Generated by org.testng.reporters.JUnitReportReporter -->
<testsuite skipped="0" hostname="mkrishnan" name="apitests.com.avlview.app.POSTMethods.getSummaryReportTest" tests="1" failures="0" timestamp="01 Mar 2019 10:56:18 GMT" time="3.478" errors="0">
  <testcase name="PostAPITest" time="3.478" classname="apitests.com.avlview.app.POSTMethods.getSummaryReportTest"/>
</testsuite> <!-- apitests.com.avlview.app.POSTMethods.getSummaryReportTest -->
