<?xml version="1.0" encoding="UTF-8"?>
<!-- Generated by org.testng.reporters.JUnitReportReporter -->
<testsuite skipped="0" hostname="mkrishnan" name="com.avlview.tests.xmlmultipleelementvalue" tests="1" failures="0" timestamp="04 Mar 2019 07:50:28 GMT" time="0.849" errors="0">
  <testcase name="PostAPITest" time="0.849" classname="com.avlview.tests.xmlmultipleelementvalue"/>
</testsuite> <!-- com.avlview.tests.xmlmultipleelementvalue -->
