<?xml version="1.0" encoding="UTF-8"?>
<!-- Generated by org.testng.reporters.JUnitReportReporter -->
<testsuite skipped="0" hostname="DESKTOP-8607IQM" name="apitests.com.avlview.app.GetavlCountrylistTest" tests="1" failures="0" timestamp="24 Jan 2019 17:45:12 GMT" time="2.610" errors="0">
  <testcase name="getAPITestWithHeaders" time="2.610" classname="apitests.com.avlview.app.GetavlCountrylistTest"/>
</testsuite> <!-- apitests.com.avlview.app.GetavlCountrylistTest -->
