<?xml version="1.0" encoding="UTF-8"?>
<!-- Generated by org.testng.reporters.JUnitReportReporter -->
<testsuite skipped="0" hostname="mkrishnan" name="apitests.com.avlview.app.GETMethods.getvehicletypesTest" tests="1" failures="0" timestamp="26 Feb 2019 10:27:06 GMT" time="9.514" errors="0">
  <testcase name="getAPITestWithHeaders" time="9.514" classname="apitests.com.avlview.app.GETMethods.getvehicletypesTest"/>
</testsuite> <!-- apitests.com.avlview.app.GETMethods.getvehicletypesTest -->
