<?xml version="1.0" encoding="UTF-8"?>
<!-- Generated by org.testng.reporters.JUnitReportReporter -->
<testsuite skipped="0" hostname="mkrishnan" name="apitests.com.avlview.app.GETMethods.removeTaskTest" tests="1" failures="0" timestamp="25 Apr 2019 10:29:34 GMT" time="1.669" errors="0">
  <testcase name="removeTask" time="1.669" classname="apitests.com.avlview.app.GETMethods.removeTaskTest"/>
</testsuite> <!-- apitests.com.avlview.app.GETMethods.removeTaskTest -->
