<?xml version="1.0" encoding="UTF-8"?>
<!-- Generated by org.testng.reporters.JUnitReportReporter -->
<testsuite skipped="0" hostname="mkrishnan" name="apitests.com.avlview.app.POSTMethods.getnearbyvehiclesbyplanTest" tests="1" failures="0" timestamp="07 Mar 2019 05:46:28 GMT" time="0.588" errors="0">
  <testcase name="getnearbyvehiclesbyplan" time="0.588" classname="apitests.com.avlview.app.POSTMethods.getnearbyvehiclesbyplanTest"/>
</testsuite> <!-- apitests.com.avlview.app.POSTMethods.getnearbyvehiclesbyplanTest -->
