<?xml version="1.0" encoding="UTF-8"?>
<!-- Generated by org.testng.reporters.JUnitReportReporter -->
<testsuite skipped="0" hostname="mkrishnan" name="apitests.com.avlview.app.GETMethods.getvehicleoverviewTest" tests="1" failures="0" timestamp="25 Apr 2019 08:23:27 GMT" time="0.542" errors="0">
  <testcase name="getvehicleoverview" time="0.542" classname="apitests.com.avlview.app.GETMethods.getvehicleoverviewTest"/>
</testsuite> <!-- apitests.com.avlview.app.GETMethods.getvehicleoverviewTest -->
