<?xml version="1.0" encoding="UTF-8"?>
<!-- Generated by org.testng.reporters.JUnitReportReporter -->
<testsuite skipped="0" hostname="mkrishnan" name="apitests.com.avlview.app.GETMethods.getVehicleRawDetailsTest" tests="1" failures="0" timestamp="25 Apr 2019 08:23:27 GMT" time="0.809" errors="0">
  <testcase name="getVehicleRawDetails" time="0.809" classname="apitests.com.avlview.app.GETMethods.getVehicleRawDetailsTest"/>
</testsuite> <!-- apitests.com.avlview.app.GETMethods.getVehicleRawDetailsTest -->
