<?xml version="1.0" encoding="UTF-8"?>
<!-- Generated by org.testng.reporters.JUnitReportReporter -->
<testsuite skipped="0" hostname="mkrishnan" name="apitests.com.avlview.app.GETMethods.getplansTest" tests="1" failures="0" timestamp="25 Apr 2019 08:23:27 GMT" time="0.524" errors="0">
  <testcase name="getplans" time="0.524" classname="apitests.com.avlview.app.GETMethods.getplansTest"/>
</testsuite> <!-- apitests.com.avlview.app.GETMethods.getplansTest -->
