<?xml version="1.0" encoding="UTF-8"?>
<!-- Generated by org.testng.reporters.JUnitReportReporter -->
<testsuite skipped="0" hostname="mkrishnan" name="apitests.com.avlview.app.GETMethods.getdisconnectedVehiclesTest" tests="1" failures="0" timestamp="08 Mar 2019 10:00:06 GMT" time="0.920" errors="0">
  <testcase name="getdisconnectedVehicles" time="0.920" classname="apitests.com.avlview.app.GETMethods.getdisconnectedVehiclesTest"/>
</testsuite> <!-- apitests.com.avlview.app.GETMethods.getdisconnectedVehiclesTest -->
