<?xml version="1.0" encoding="UTF-8"?>
<!-- Generated by org.testng.reporters.JUnitReportReporter -->
<testsuite skipped="0" hostname="mkrishnan" name="apitests.com.avlview.app.GETMethods.getAllDriverDispatchTasksTest" tests="1" failures="0" timestamp="14 Mar 2019 04:43:32 GMT" time="7.736" errors="0">
  <testcase name="getAllDriverDispatchTasks" time="7.736" classname="apitests.com.avlview.app.GETMethods.getAllDriverDispatchTasksTest"/>
</testsuite> <!-- apitests.com.avlview.app.GETMethods.getAllDriverDispatchTasksTest -->
