<?xml version="1.0" encoding="UTF-8"?>
<!-- Generated by org.testng.reporters.JUnitReportReporter -->
<testsuite skipped="0" hostname="mkrishnan" name="apitests.com.avlview.app.POSTMethods.getTripDetailsTest" tests="1" failures="0" timestamp="08 Mar 2019 10:00:05 GMT" time="0.619" errors="0">
  <testcase name="getTripDetails" time="0.619" classname="apitests.com.avlview.app.POSTMethods.getTripDetailsTest"/>
</testsuite> <!-- apitests.com.avlview.app.POSTMethods.getTripDetailsTest -->
