<?xml version="1.0" encoding="UTF-8"?>
<!-- Generated by org.testng.reporters.JUnitReportReporter -->
<testsuite skipped="0" hostname="mkrishnan" name="apitests.com.avlview.app.GETMethods.getvehiclemakesTest" tests="1" failures="0" timestamp="07 Mar 2019 05:46:28 GMT" time="5.005" errors="0">
  <testcase name="getvehiclemakes" time="5.005" classname="apitests.com.avlview.app.GETMethods.getvehiclemakesTest"/>
</testsuite> <!-- apitests.com.avlview.app.GETMethods.getvehiclemakesTest -->
