<?xml version="1.0" encoding="UTF-8"?>
<!-- Generated by org.testng.reporters.JUnitReportReporter -->
<testsuite skipped="0" hostname="DESKTOP-8607IQM" name="com.avlview.tests.rough5" tests="1" failures="0" timestamp="26 Jan 2019 13:51:11 GMT" time="1.747" errors="0">
  <testcase name="getAPITestWithHeaders" time="1.747" classname="com.avlview.tests.rough5"/>
</testsuite> <!-- com.avlview.tests.rough5 -->
