<?xml version="1.0" encoding="UTF-8"?>
<!-- Generated by org.testng.reporters.JUnitReportReporter -->
<testsuite skipped="0" hostname="mkrishnan" name="apitests.com.avlview.app.POSTMethods.addgroupTest" tests="1" failures="0" timestamp="04 Mar 2019 09:05:59 GMT" time="8.182" errors="0">
  <testcase name="PostAPITest" time="8.182" classname="apitests.com.avlview.app.POSTMethods.addgroupTest"/>
</testsuite> <!-- apitests.com.avlview.app.POSTMethods.addgroupTest -->
