<?xml version="1.0" encoding="UTF-8"?>
<!-- Generated by org.testng.reporters.JUnitReportReporter -->
<testsuite skipped="0" hostname="mkrishnan" name="com.avlview.tests.getwithpayload" tests="1" failures="0" timestamp="28 Feb 2019 08:46:49 GMT" time="3.022" errors="0">
  <testcase name="getAPITestWithHeaders" time="3.022" classname="com.avlview.tests.getwithpayload"/>
</testsuite> <!-- com.avlview.tests.getwithpayload -->
