<?xml version="1.0" encoding="UTF-8"?>
<!-- Generated by org.testng.reporters.JUnitReportReporter -->
<testsuite skipped="0" hostname="mkrishnan" name="apitests.com.avlview.app.GETMethods.getvehicleoverviewURL" tests="1" failures="0" timestamp="05 Mar 2019 08:55:28 GMT" time="1.671" errors="0">
  <testcase name="getAPITestWithHeaders" time="1.671" classname="apitests.com.avlview.app.GETMethods.getvehicleoverviewURL"/>
</testsuite> <!-- apitests.com.avlview.app.GETMethods.getvehicleoverviewURL -->
