<?xml version="1.0" encoding="UTF-8"?>
<!-- Generated by org.testng.reporters.JUnitReportReporter -->
<testsuite skipped="0" hostname="mkrishnan" name="apitests.com.avlview.app.POSTMethods.getmovingvehiclesbyplanTest" tests="1" failures="0" timestamp="25 Apr 2019 08:49:20 GMT" time="0.628" errors="0">
  <testcase name="getmovingvehiclesbyplan" time="0.628" classname="apitests.com.avlview.app.POSTMethods.getmovingvehiclesbyplanTest"/>
</testsuite> <!-- apitests.com.avlview.app.POSTMethods.getmovingvehiclesbyplanTest -->
