<?xml version="1.0" encoding="UTF-8"?>
<!-- Generated by org.testng.reporters.JUnitReportReporter -->
<testsuite skipped="0" hostname="mkrishnan" name="apitests.com.avlview.app.GETMethods.getvehiclemakesTest" tests="1" failures="0" timestamp="11 Mar 2019 06:23:42 GMT" time="6.280" errors="0">
  <testcase name="getvehiclemakes" time="6.280" classname="apitests.com.avlview.app.GETMethods.getvehiclemakesTest"/>
</testsuite> <!-- apitests.com.avlview.app.GETMethods.getvehiclemakesTest -->
