<?xml version="1.0" encoding="UTF-8"?>
<!-- Generated by org.testng.reporters.JUnitReportReporter -->
<testsuite skipped="0" hostname="mkrishnan" name="apitests.com.avlview.app.POSTMethods.getvehicleoverviewbyplanTest" tests="1" failures="0" timestamp="25 Apr 2019 08:49:19 GMT" time="0.948" errors="0">
  <testcase name="getvehicleoverviewbyplan" time="0.948" classname="apitests.com.avlview.app.POSTMethods.getvehicleoverviewbyplanTest"/>
</testsuite> <!-- apitests.com.avlview.app.POSTMethods.getvehicleoverviewbyplanTest -->
