<?xml version="1.0" encoding="UTF-8"?>
<!-- Generated by org.testng.reporters.JUnitReportReporter -->
<testsuite skipped="0" hostname="mkrishnan" name="apitests.com.avlview.app.POSTMethods.getmovingvehiclesbyplanTest" tests="1" failures="0" timestamp="01 Mar 2019 08:04:57 GMT" time="8.997" errors="0">
  <testcase name="PostAPITest" time="8.997" classname="apitests.com.avlview.app.POSTMethods.getmovingvehiclesbyplanTest"/>
</testsuite> <!-- apitests.com.avlview.app.POSTMethods.getmovingvehiclesbyplanTest -->
