<?xml version="1.0" encoding="UTF-8"?>
<!-- Generated by org.testng.reporters.JUnitReportReporter -->
<testsuite skipped="0" hostname="mkrishnan" name="apitests.com.avlview.app.POSTMethods.getvehiclesnapshotinaccountSGTest" tests="1" failures="0" timestamp="04 Mar 2019 08:52:47 GMT" time="2.446" errors="0">
  <testcase name="PostAPITest" time="2.446" classname="apitests.com.avlview.app.POSTMethods.getvehiclesnapshotinaccountSGTest"/>
</testsuite> <!-- apitests.com.avlview.app.POSTMethods.getvehiclesnapshotinaccountSGTest -->
