<?xml version="1.0" encoding="UTF-8"?>
<!-- Generated by org.testng.reporters.JUnitReportReporter -->
<testsuite skipped="0" hostname="mkrishnan" name="apitests.com.avlview.app.GETMethods.getvehiclegroupsTest" tests="1" failures="0" timestamp="08 Apr 2019 08:54:27 GMT" time="0.585" errors="0">
  <testcase name="getvehiclegroups" time="0.585" classname="apitests.com.avlview.app.GETMethods.getvehiclegroupsTest"/>
</testsuite> <!-- apitests.com.avlview.app.GETMethods.getvehiclegroupsTest -->
