<?xml version="1.0" encoding="UTF-8"?>
<!-- Generated by org.testng.reporters.JUnitReportReporter -->
<testsuite skipped="0" hostname="mkrishnan" name="apitests.com.avlview.app.GETMethods.getdevicesTest" tests="1" failures="0" timestamp="26 Feb 2019 10:58:19 GMT" time="2.078" errors="0">
  <testcase name="getAPITestWithHeaders" time="2.078" classname="apitests.com.avlview.app.GETMethods.getdevicesTest"/>
</testsuite> <!-- apitests.com.avlview.app.GETMethods.getdevicesTest -->
