<?xml version="1.0" encoding="UTF-8"?>
<!-- Generated by org.testng.reporters.JUnitReportReporter -->
<testsuite skipped="0" hostname="mkrishnan" name="apitests.com.avlview.app.GETMethods.getVehicleRawDetailsTest" tests="1" failures="0" timestamp="07 Mar 2019 07:08:30 GMT" time="1.569" errors="0">
  <testcase name="getVehicleRawDetails" time="1.569" classname="apitests.com.avlview.app.GETMethods.getVehicleRawDetailsTest"/>
</testsuite> <!-- apitests.com.avlview.app.GETMethods.getVehicleRawDetailsTest -->
