<?xml version="1.0" encoding="UTF-8"?>
<!-- Generated by org.testng.reporters.JUnitReportReporter -->
<testsuite skipped="0" hostname="mkrishnan" name="apitests.com.avlview.app.POSTMethods.getapnlistbycountryidTest" tests="1" failures="0" timestamp="07 Mar 2019 07:08:30 GMT" time="1.406" errors="0">
  <testcase name="getapnlistbycountryid" time="1.406" classname="apitests.com.avlview.app.POSTMethods.getapnlistbycountryidTest"/>
</testsuite> <!-- apitests.com.avlview.app.POSTMethods.getapnlistbycountryidTest -->
