<?xml version="1.0" encoding="UTF-8"?>
<!-- Generated by org.testng.reporters.JUnitReportReporter -->
<testsuite skipped="0" hostname="mkrishnan" name="apitests.com.avlview.app.POSTMethods.createDriverDispatchTaskTest" tests="1" failures="0" timestamp="25 Apr 2019 10:26:28 GMT" time="9.764" errors="0">
  <testcase name="createDriverDispatchTask" time="9.764" classname="apitests.com.avlview.app.POSTMethods.createDriverDispatchTaskTest"/>
</testsuite> <!-- apitests.com.avlview.app.POSTMethods.createDriverDispatchTaskTest -->
