<?xml version="1.0" encoding="UTF-8"?>
<!-- Generated by org.testng.reporters.JUnitReportReporter -->
<testsuite skipped="0" hostname="mkrishnan" name="apitests.com.avlview.app.POSTMethods.getvehiclesnapshotTest" tests="1" failures="0" timestamp="07 Mar 2019 05:46:28 GMT" time="0.576" errors="0">
  <testcase name="getvehiclesnapshot" time="0.576" classname="apitests.com.avlview.app.POSTMethods.getvehiclesnapshotTest"/>
</testsuite> <!-- apitests.com.avlview.app.POSTMethods.getvehiclesnapshotTest -->
