<?xml version="1.0" encoding="UTF-8"?>
<!-- Generated by org.testng.reporters.JUnitReportReporter -->
<testsuite skipped="0" hostname="mkrishnan" name="apitests.com.avlview.app.POSTMethods.getvehiclesbyplanTest" tests="1" failures="0" timestamp="01 Mar 2019 06:35:58 GMT" time="2.524" errors="0">
  <testcase name="PostAPITest" time="2.524" classname="apitests.com.avlview.app.POSTMethods.getvehiclesbyplanTest"/>
</testsuite> <!-- apitests.com.avlview.app.POSTMethods.getvehiclesbyplanTest -->
