<?xml version="1.0" encoding="UTF-8"?>
<!-- Generated by org.testng.reporters.JUnitReportReporter -->
<testsuite skipped="0" hostname="mkrishnan" name="apitests.com.avlview.app.GETMethods.removeTaskTest" tests="1" failures="0" timestamp="07 Mar 2019 05:46:28 GMT" time="1.599" errors="0">
  <testcase name="getAllDriverDispatchTasks" time="1.599" classname="apitests.com.avlview.app.GETMethods.removeTaskTest"/>
</testsuite> <!-- apitests.com.avlview.app.GETMethods.removeTaskTest -->
