<?xml version="1.0" encoding="UTF-8"?>
<!-- Generated by org.testng.reporters.JUnitReportReporter -->
<testsuite skipped="0" hostname="mkrishnan" name="apitests.com.avlview.app.GetdriversTest" tests="1" failures="0" timestamp="26 Feb 2019 06:26:16 GMT" time="3.158" errors="0">
  <testcase name="getAPITestWithHeaders" time="3.158" classname="apitests.com.avlview.app.GetdriversTest"/>
</testsuite> <!-- apitests.com.avlview.app.GetdriversTest -->
