<?xml version="1.0" encoding="UTF-8"?>
<!-- Generated by org.testng.reporters.JUnitReportReporter -->
<testsuite skipped="0" hostname="mkrishnan" name="com.avlview.tests.getwithpayloadvehicleid" tests="1" failures="0" timestamp="28 Feb 2019 11:02:19 GMT" time="4.040" errors="0">
  <testcase name="getAPITestWithHeaders" time="4.040" classname="com.avlview.tests.getwithpayloadvehicleid"/>
</testsuite> <!-- com.avlview.tests.getwithpayloadvehicleid -->
