<?xml version="1.0" encoding="UTF-8"?>
<!-- Generated by org.testng.reporters.JUnitReportReporter -->
<testsuite skipped="0" hostname="mkrishnan" name="apitests.com.avlview.app.POSTMethods.getstoppagedetailsTest" tests="1" failures="0" timestamp="06 Mar 2019 10:23:55 GMT" time="0.549" errors="0">
  <testcase name="getstoppagedetails" time="0.549" classname="apitests.com.avlview.app.POSTMethods.getstoppagedetailsTest"/>
</testsuite> <!-- apitests.com.avlview.app.POSTMethods.getstoppagedetailsTest -->
