<?xml version="1.0" encoding="UTF-8"?>
<!-- Generated by org.testng.reporters.JUnitReportReporter -->
<testsuite skipped="0" hostname="mkrishnan" name="apitests.com.avlview.app.GETMethods.getvehicleoverviewURL" tests="1" failures="0" timestamp="27 Feb 2019 04:55:48 GMT" time="3.037" errors="0">
  <testcase name="getAPITestWithHeaders" time="3.037" classname="apitests.com.avlview.app.GETMethods.getvehicleoverviewURL"/>
</testsuite> <!-- apitests.com.avlview.app.GETMethods.getvehicleoverviewURL -->
